{"error":"page.evaluate: Execution context was destroyed, most likely because of a navigation","level":"error","message":"❌ Adem.calik@my-aolcc.com Canvas health check hatası","timestamp":"2025-06-21T11:04:40.976Z"}
{"level":"error","message":"❌ Adem.calik@my-aolcc.com offline tespit edildi","reason":"Her iki site de offline","timestamp":"2025-06-21T11:04:40.980Z"}
{"error":"page.goto: Target page, context or browser has been closed\nCall log:\n\u001b[2m  - navigating to \"https://mynew.aolcc.ca/profile/communication\", waiting until \"networkidle\"\u001b[22m\n","level":"error","message":"❌ Adem.calik@my-aolcc.com Canvas health check hatası","timestamp":"2025-06-21T11:04:41.153Z"}
{"error":"page.evaluate: Target page, context or browser has been closed","level":"error","message":"❌ Adem.calik@my-aolcc.com Portal health check hatası","timestamp":"2025-06-21T11:04:42.814Z"}
{"level":"error","message":"❌ Adem.calik@my-aolcc.com offline tespit edildi","reason":"Her iki site de offline","timestamp":"2025-06-21T11:04:42.819Z"}
{"level":"error","message":"❌ Yusuf.Dag1@my-aolcc.com offline tespit edildi","reason":"Her iki site de offline","timestamp":"2025-06-21T11:04:44.193Z"}
{"error":"page.evaluate: Target page, context or browser has been closed","level":"error","message":"❌ Yusuf.Dag1@my-aolcc.com Portal health check hatası","timestamp":"2025-06-21T11:04:45.790Z"}
{"error":"page.evaluate: Target page, context or browser has been closed","level":"error","message":"❌ Yusuf.Dag1@my-aolcc.com Canvas health check hatası","timestamp":"2025-06-21T11:04:46.720Z"}
{"level":"error","message":"❌ Yusuf.Dag1@my-aolcc.com offline tespit edildi","reason":"Her iki site de offline","timestamp":"2025-06-21T11:04:46.722Z"}
{"error":"page.evaluate: Target page, context or browser has been closed","level":"error","message":"Adem.calik@my-aolcc.com Canvas login hatası","timestamp":"2025-06-21T11:05:39.245Z"}
{"error":"page.goto: Target page, context or browser has been closed","level":"error","message":"❌ Adem.calik@my-aolcc.com Portal health check hatası","timestamp":"2025-06-21T11:05:39.907Z"}
{"error":"page.goto: Target page, context or browser has been closed","level":"error","message":"❌ Adem.calik@my-aolcc.com Canvas health check hatası","timestamp":"2025-06-21T11:05:39.909Z"}
{"level":"error","message":"❌ Adem.calik@my-aolcc.com offline tespit edildi","reason":"Her iki site de offline","timestamp":"2025-06-21T11:05:39.910Z"}
{"error":"page.evaluate: Target page, context or browser has been closed","level":"error","message":"Adem.calik@my-aolcc.com Canvas login hatası","timestamp":"2025-06-21T11:05:40.395Z"}
{"error":"page.goto: Target page, context or browser has been closed","level":"error","message":"❌ Adem.calik@my-aolcc.com Portal health check hatası","timestamp":"2025-06-21T11:05:42.914Z"}
{"error":"page.goto: Target page, context or browser has been closed","level":"error","message":"❌ Adem.calik@my-aolcc.com Canvas health check hatası","timestamp":"2025-06-21T11:05:42.916Z"}
{"level":"error","message":"❌ Adem.calik@my-aolcc.com offline tespit edildi","reason":"Her iki site de offline","timestamp":"2025-06-21T11:05:42.917Z"}
{"level":"error","message":"❌ Yusuf.Dag1@my-aolcc.com offline tespit edildi","reason":"Her iki site de offline","timestamp":"2025-06-21T11:05:49.987Z"}
{"error":"page.goto: Target page, context or browser has been closed\nCall log:\n\u001b[2m  - navigating to \"https://mynew.aolcc.ca/profile/communication\", waiting until \"networkidle\"\u001b[22m\n","level":"error","message":"❌ Yusuf.Dag1@my-aolcc.com Canvas health check hatası","timestamp":"2025-06-21T11:05:50.053Z"}
{"error":"page.evaluate: Target page, context or browser has been closed","level":"error","message":"❌ Yusuf.Dag1@my-aolcc.com Portal health check hatası","timestamp":"2025-06-21T11:05:51.888Z"}
{"level":"error","message":"❌ Yusuf.Dag1@my-aolcc.com offline tespit edildi","reason":"Her iki site de offline","timestamp":"2025-06-21T11:05:51.890Z"}
{"error":"page.evaluate: Execution context was destroyed, most likely because of a navigation","level":"error","message":"❌ Yusuf.Dag1@my-aolcc.com Portal health check hatası","timestamp":"2025-06-21T11:06:13.568Z"}
{"level":"error","message":"❌ Yusuf.Dag1@my-aolcc.com offline tespit edildi","reason":"Her iki site de offline","timestamp":"2025-06-21T11:06:16.846Z"}
{"error":"page.goto: Target page, context or browser has been closed\nCall log:\n\u001b[2m  - navigating to \"https://mynew.aolcc.ca/profile/communication\", waiting until \"networkidle\"\u001b[22m\n","level":"error","message":"❌ Yusuf.Dag1@my-aolcc.com Canvas health check hatası","timestamp":"2025-06-21T11:06:16.876Z"}
{"error":"page.goto: Target page, context or browser has been closed\nCall log:\n\u001b[2m  - navigating to \"https://myaolcc.ca/studentportal/my-profile/\", waiting until \"networkidle\"\u001b[22m\n","level":"error","message":"❌ Yusuf.Dag1@my-aolcc.com Portal health check hatası","timestamp":"2025-06-21T11:06:16.893Z"}
{"level":"error","message":"❌ Yusuf.Dag1@my-aolcc.com offline tespit edildi","reason":"Her iki site de offline","timestamp":"2025-06-21T11:06:16.898Z"}
{"error":"page.waitForNavigation: Target page, context or browser has been closed\n=========================== logs ===========================\nwaiting for navigation until \"networkidle\"\n============================================================","level":"error","message":"Adem.calik@my-aolcc.com Canvas login hatası","timestamp":"2025-06-21T11:06:25.362Z"}
{"error":"page.waitForNavigation: Target page, context or browser has been closed\n=========================== logs ===========================\nwaiting for navigation until \"networkidle\"\n============================================================","level":"error","message":"Adem.calik@my-aolcc.com Portal login hatası","timestamp":"2025-06-21T11:06:25.372Z"}
{"error":"page.goto: Target page, context or browser has been closed\nCall log:\n\u001b[2m  - navigating to \"https://mynew.aolcc.ca/login/canvas\", waiting until \"networkidle\"\u001b[22m\n","level":"error","message":"Yusuf.Dag1@my-aolcc.com login işlemi hatası","timestamp":"2025-06-21T11:06:25.444Z"}
{"error":"page.goto: Target page, context or browser has been closed\nCall log:\n\u001b[2m  - navigating to \"https://mynew.aolcc.ca/login/canvas\", waiting until \"networkidle\"\u001b[22m\n","level":"error","message":"Yusuf.Dag1@my-aolcc.com login işlemi hatası","timestamp":"2025-06-21T11:06:25.492Z"}
{"error":"page.goto: Target page, context or browser has been closed","level":"error","message":"❌ Adem.calik@my-aolcc.com Portal health check hatası","timestamp":"2025-06-21T11:10:48.181Z"}
{"error":"page.goto: Target page, context or browser has been closed","level":"error","message":"❌ Adem.calik@my-aolcc.com Canvas health check hatası","timestamp":"2025-06-21T11:10:48.184Z"}
{"level":"error","message":"❌ Adem.calik@my-aolcc.com offline tespit edildi","reason":"Her iki site de offline","timestamp":"2025-06-21T11:10:48.186Z"}
{"error":"page.goto: Target page, context or browser has been closed","level":"error","message":"❌ Yusuf.Dag1@my-aolcc.com Portal health check hatası","timestamp":"2025-06-21T11:10:48.189Z"}
{"error":"page.goto: Target page, context or browser has been closed","level":"error","message":"❌ Yusuf.Dag1@my-aolcc.com Canvas health check hatası","timestamp":"2025-06-21T11:10:48.189Z"}
{"level":"error","message":"❌ Yusuf.Dag1@my-aolcc.com offline tespit edildi","reason":"Her iki site de offline","timestamp":"2025-06-21T11:10:48.190Z"}
{"error":"page.waitForNavigation: Timeout 30000ms exceeded.\n=========================== logs ===========================\nwaiting for navigation until \"networkidle\"\n============================================================","level":"error","message":"Bulent.Gunduz@my-aolcc.com Portal login hatası","timestamp":"2025-06-23T18:32:27.598Z"}
{"error":"page.waitForNavigation: Timeout 30000ms exceeded.\n=========================== logs ===========================\nwaiting for navigation until \"networkidle\"\n============================================================","level":"error","message":"Burhan.Colak@my-aolcc.com Portal login hatası","timestamp":"2025-06-23T18:32:27.877Z"}
{"error":"page.waitForNavigation: Timeout 30000ms exceeded.\n=========================== logs ===========================\nwaiting for navigation until \"networkidle\"\n============================================================","level":"error","message":"Sahin.Mordeniz@my-aolcc.com Portal login hatası","timestamp":"2025-06-23T18:32:28.856Z"}
{"error":"page.waitForNavigation: Timeout 30000ms exceeded.\n=========================== logs ===========================\nwaiting for navigation until \"networkidle\"\n============================================================","level":"error","message":"Rodi.Steel@my-aolcc.com Portal login hatası","timestamp":"2025-06-23T18:32:29.941Z"}
{"error":"page.waitForNavigation: Timeout 30000ms exceeded.\n=========================== logs ===========================\nwaiting for navigation until \"networkidle\"\n============================================================","level":"error","message":"Firat.Yilmaz@my-aolcc.com Portal login hatası","timestamp":"2025-06-23T18:32:30.096Z"}
{"error":"page.waitForNavigation: Timeout 30000ms exceeded.\n=========================== logs ===========================\nwaiting for navigation until \"networkidle\"\n============================================================","level":"error","message":"Sahin.Mordeniz@my-aolcc.com Portal login hatası","timestamp":"2025-06-23T18:33:17.504Z"}
{"error":"page.waitForNavigation: Timeout 30000ms exceeded.\n=========================== logs ===========================\nwaiting for navigation until \"networkidle\"\n============================================================","level":"error","message":"Burhan.Colak@my-aolcc.com Portal login hatası","timestamp":"2025-06-23T18:33:18.168Z"}
{"error":"page.waitForNavigation: Timeout 30000ms exceeded.\n=========================== logs ===========================\nwaiting for navigation until \"networkidle\"\n============================================================","level":"error","message":"Bulent.Gunduz@my-aolcc.com Portal login hatası","timestamp":"2025-06-23T18:33:20.817Z"}
{"error":"page.waitForNavigation: Timeout 30000ms exceeded.\n=========================== logs ===========================\nwaiting for navigation until \"networkidle\"\n============================================================","level":"error","message":"Rodi.Steel@my-aolcc.com Portal login hatası","timestamp":"2025-06-23T18:33:21.118Z"}
{"error":"page.waitForNavigation: Timeout 30000ms exceeded.\n=========================== logs ===========================\nwaiting for navigation until \"networkidle\"\n============================================================","level":"error","message":"Firat.Yilmaz@my-aolcc.com Portal login hatası","timestamp":"2025-06-23T18:33:22.827Z"}
{"error":"page.waitForNavigation: Timeout 30000ms exceeded.\n=========================== logs ===========================\nwaiting for navigation until \"networkidle\"\n============================================================","level":"error","message":"Sahin.Mordeniz@my-aolcc.com Portal login hatası","timestamp":"2025-06-23T18:34:08.001Z"}
{"error":"page.waitForNavigation: Timeout 30000ms exceeded.\n=========================== logs ===========================\nwaiting for navigation until \"networkidle\"\n============================================================","level":"error","message":"Burhan.Colak@my-aolcc.com Portal login hatası","timestamp":"2025-06-23T18:34:12.132Z"}
{"error":"page.waitForNavigation: Timeout 30000ms exceeded.\n=========================== logs ===========================\nwaiting for navigation until \"networkidle\"\n============================================================","level":"error","message":"Bulent.Gunduz@my-aolcc.com Portal login hatası","timestamp":"2025-06-23T18:34:12.163Z"}
{"error":"page.waitForNavigation: Timeout 30000ms exceeded.\n=========================== logs ===========================\nwaiting for navigation until \"networkidle\"\n============================================================","level":"error","message":"Rodi.Steel@my-aolcc.com Portal login hatası","timestamp":"2025-06-23T18:34:12.551Z"}
{"error":"page.waitForNavigation: Timeout 30000ms exceeded.\n=========================== logs ===========================\nwaiting for navigation until \"networkidle\"\n============================================================","level":"error","message":"Firat.Yilmaz@my-aolcc.com Portal login hatası","timestamp":"2025-06-23T18:34:16.353Z"}
{"error":"page.waitForNavigation: Timeout 30000ms exceeded.\n=========================== logs ===========================\nwaiting for navigation until \"networkidle\"\n============================================================","level":"error","message":"Engin.Akuzum@my-aolcc.com Portal login hatası","timestamp":"2025-06-23T18:35:03.884Z"}
{"error":"page.waitForNavigation: Timeout 30000ms exceeded.\n=========================== logs ===========================\nwaiting for navigation until \"networkidle\"\n============================================================","level":"error","message":"Ahmet.Tatar@my-aolcc.com Portal login hatası","timestamp":"2025-06-23T18:35:04.366Z"}
{"error":"page.waitForNavigation: Timeout 30000ms exceeded.\n=========================== logs ===========================\nwaiting for navigation until \"networkidle\"\n============================================================","level":"error","message":"Sedat.Yesil@my-aolcc.com Portal login hatası","timestamp":"2025-06-23T18:35:05.648Z"}
{"error":"page.waitForNavigation: Timeout 30000ms exceeded.\n=========================== logs ===========================\nwaiting for navigation until \"networkidle\"\n============================================================","level":"error","message":"Emrah.Resitagaoglu@my-aolcc.com Portal login hatası","timestamp":"2025-06-23T18:35:06.036Z"}
{"error":"page.waitForNavigation: Timeout 30000ms exceeded.\n=========================== logs ===========================\nwaiting for navigation until \"networkidle\"\n============================================================","level":"error","message":"Ahmet.Tatar@my-aolcc.com Portal login hatası","timestamp":"2025-06-23T18:35:56.468Z"}
{"error":"page.waitForNavigation: Timeout 30000ms exceeded.\n=========================== logs ===========================\nwaiting for navigation until \"networkidle\"\n============================================================","level":"error","message":"Sedat.Yesil@my-aolcc.com Portal login hatası","timestamp":"2025-06-23T18:35:57.523Z"}
{"error":"page.waitForNavigation: Timeout 30000ms exceeded.\n=========================== logs ===========================\nwaiting for navigation until \"networkidle\"\n============================================================","level":"error","message":"Emrah.Resitagaoglu@my-aolcc.com Portal login hatası","timestamp":"2025-06-23T18:36:00.502Z"}
{"error":"page.waitForNavigation: Timeout 30000ms exceeded.\n=========================== logs ===========================\nwaiting for navigation until \"networkidle\"\n============================================================","level":"error","message":"Engin.Akuzum@my-aolcc.com Portal login hatası","timestamp":"2025-06-23T18:36:24.666Z"}
{"error":"page.waitForNavigation: Timeout 30000ms exceeded.\n=========================== logs ===========================\nwaiting for navigation until \"networkidle\"\n============================================================","level":"error","message":"Sedat.Yesil@my-aolcc.com Portal login hatası","timestamp":"2025-06-23T18:36:47.004Z"}
{"error":"page.waitForNavigation: Timeout 30000ms exceeded.\n=========================== logs ===========================\nwaiting for navigation until \"networkidle\"\n============================================================","level":"error","message":"Ahmet.Tatar@my-aolcc.com Portal login hatası","timestamp":"2025-06-23T18:36:48.610Z"}
{"error":"page.waitForNavigation: Timeout 30000ms exceeded.\n=========================== logs ===========================\nwaiting for navigation until \"networkidle\"\n============================================================","level":"error","message":"Emrah.Resitagaoglu@my-aolcc.com Portal login hatası","timestamp":"2025-06-23T18:36:52.449Z"}
{"error":"page.waitForNavigation: Timeout 30000ms exceeded.\n=========================== logs ===========================\nwaiting for navigation until \"networkidle\"\n============================================================","level":"error","message":"Engin.Akuzum@my-aolcc.com Portal login hatası","timestamp":"2025-06-23T18:37:12.837Z"}
{"error":"page.waitForNavigation: Timeout 30000ms exceeded.\n=========================== logs ===========================\nwaiting for navigation until \"networkidle\"\n============================================================","level":"error","message":"Ali.Bakhshaliyev@my-aolcc.com Portal login hatası","timestamp":"2025-06-23T18:37:56.601Z"}
{"error":"page.waitForNavigation: Timeout 30000ms exceeded.\n=========================== logs ===========================\nwaiting for navigation until \"networkidle\"\n============================================================","level":"error","message":"Sahin.Ozdas@my-aolcc.com Portal login hatası","timestamp":"2025-06-23T18:37:56.726Z"}
{"error":"page.waitForNavigation: Timeout 30000ms exceeded.\n=========================== logs ===========================\nwaiting for navigation until \"networkidle\"\n============================================================","level":"error","message":"Roza.AygunTatar@my-aolcc.com Portal login hatası","timestamp":"2025-06-23T18:37:57.208Z"}
{"error":"page.waitForNavigation: Timeout 30000ms exceeded.\n=========================== logs ===========================\nwaiting for navigation until \"networkidle\"\n============================================================","level":"error","message":"Ismail.Kocabay@my-aolcc.com Portal login hatası","timestamp":"2025-06-23T18:37:57.426Z"}
{"error":"page.waitForNavigation: Timeout 30000ms exceeded.\n=========================== logs ===========================\nwaiting for navigation until \"networkidle\"\n============================================================","level":"error","message":"Ferhat.Yildiz@my-aolcc.com Portal login hatası","timestamp":"2025-06-23T18:37:58.292Z"}
{"error":"page.waitForNavigation: Timeout 30000ms exceeded.\n=========================== logs ===========================\nwaiting for navigation until \"networkidle\"\n============================================================","level":"error","message":"Sahin.Ozdas@my-aolcc.com Portal login hatası","timestamp":"2025-06-23T18:38:46.194Z"}
{"error":"page.waitForNavigation: Timeout 30000ms exceeded.\n=========================== logs ===========================\nwaiting for navigation until \"networkidle\"\n============================================================","level":"error","message":"Ali.Bakhshaliyev@my-aolcc.com Portal login hatası","timestamp":"2025-06-23T18:38:52.738Z"}
{"error":"page.waitForNavigation: Timeout 30000ms exceeded.\n=========================== logs ===========================\nwaiting for navigation until \"networkidle\"\n============================================================","level":"error","message":"Roza.AygunTatar@my-aolcc.com Portal login hatası","timestamp":"2025-06-23T18:38:53.623Z"}
{"error":"page.waitForNavigation: Timeout 30000ms exceeded.\n=========================== logs ===========================\nwaiting for navigation until \"networkidle\"\n============================================================","level":"error","message":"Ismail.Kocabay@my-aolcc.com Portal login hatası","timestamp":"2025-06-23T18:38:54.197Z"}
{"error":"page.waitForNavigation: Timeout 30000ms exceeded.\n=========================== logs ===========================\nwaiting for navigation until \"networkidle\"\n============================================================","level":"error","message":"Ferhat.Yildiz@my-aolcc.com Portal login hatası","timestamp":"2025-06-23T18:38:56.532Z"}
{"error":"page.waitForNavigation: Timeout 30000ms exceeded.\n=========================== logs ===========================\nwaiting for navigation until \"networkidle\"\n============================================================","level":"error","message":"Sahin.Ozdas@my-aolcc.com Portal login hatası","timestamp":"2025-06-23T18:39:37.701Z"}
{"error":"page.waitForNavigation: Timeout 30000ms exceeded.\n=========================== logs ===========================\nwaiting for navigation until \"networkidle\"\n============================================================","level":"error","message":"Ali.Bakhshaliyev@my-aolcc.com Portal login hatası","timestamp":"2025-06-23T18:39:43.940Z"}
{"error":"page.waitForNavigation: Timeout 30000ms exceeded.\n=========================== logs ===========================\nwaiting for navigation until \"networkidle\"\n============================================================","level":"error","message":"Roza.AygunTatar@my-aolcc.com Portal login hatası","timestamp":"2025-06-23T18:39:44.250Z"}
{"error":"page.waitForNavigation: Timeout 30000ms exceeded.\n=========================== logs ===========================\nwaiting for navigation until \"networkidle\"\n============================================================","level":"error","message":"Ismail.Kocabay@my-aolcc.com Portal login hatası","timestamp":"2025-06-23T18:39:44.621Z"}
{"error":"page.waitForNavigation: Timeout 30000ms exceeded.\n=========================== logs ===========================\nwaiting for navigation until \"networkidle\"\n============================================================","level":"error","message":"Ferhat.Yildiz@my-aolcc.com Portal login hatası","timestamp":"2025-06-23T18:39:49.374Z"}
{"error":"page.fill: value: expected string, got object","level":"error","message":"null Portal login hatası","timestamp":"2025-06-23T18:40:02.867Z"}
{"error":"page.fill: value: expected string, got object","level":"error","message":"null Canvas login hatası","timestamp":"2025-06-23T18:40:02.872Z"}
{"error":"page.fill: value: expected string, got object","level":"error","message":"null Portal login hatası","timestamp":"2025-06-23T18:40:21.607Z"}
{"error":"page.fill: value: expected string, got object","level":"error","message":"null Canvas login hatası","timestamp":"2025-06-23T18:40:21.617Z"}
{"error":"page.fill: value: expected string, got object","level":"error","message":"null Portal login hatası","timestamp":"2025-06-23T18:40:39.612Z"}
{"error":"page.fill: value: expected string, got object","level":"error","message":"null Canvas login hatası","timestamp":"2025-06-23T18:40:39.620Z"}
{"error":"page.goto: Timeout 30000ms exceeded.\nCall log:\n\u001b[2m  - navigating to \"https://myaolcc.ca/studentportal/my-profile/\", waiting until \"networkidle\"\u001b[22m\n","level":"error","message":"❌ HalitDiyar.Bingol@my-aolcc.com Portal health check hatası","timestamp":"2025-06-23T18:46:25.413Z"}
{"errorType":"invalid_credentials","level":"error","message":"❌ Rodi.Steel@my-aolcc.com Canvas login hatası: Please verify your username or password and try again. Trouble logging in? Check out our Login FAQs.","platform":"canvas","timestamp":"2025-06-23T18:59:57.480Z"}
{"errorType":"invalid_credentials","level":"error","message":"❌ Sahin.Mordeniz@my-aolcc.com Canvas login hatası: Please verify your username or password and try again. Trouble logging in? Check out our Login FAQs.","platform":"canvas","timestamp":"2025-06-23T18:59:58.010Z"}
{"errorType":"invalid_credentials","level":"error","message":"❌ Bulent.Gunduz@my-aolcc.com Canvas login hatası: Please verify your username or password and try again. Trouble logging in? Check out our Login FAQs.","platform":"canvas","timestamp":"2025-06-23T18:59:58.166Z"}
{"errorType":"invalid_credentials","level":"error","message":"❌ Firat.Yilmaz@my-aolcc.com Canvas login hatası: Please verify your username or password and try again. Trouble logging in? Check out our Login FAQs.","platform":"canvas","timestamp":"2025-06-23T18:59:58.999Z"}
{"errorType":"invalid_credentials","level":"error","message":"❌ Burhan.Colak@my-aolcc.com Canvas login hatası: Please verify your username or password and try again. Trouble logging in? Check out our Login FAQs.","platform":"canvas","timestamp":"2025-06-23T18:59:59.452Z"}
{"error":"page.waitForNavigation: Timeout 30000ms exceeded.\n=========================== logs ===========================\nwaiting for navigation until \"networkidle\"\n============================================================","level":"error","message":"Bulent.Gunduz@my-aolcc.com Portal login hatası","timestamp":"2025-06-23T19:00:22.171Z"}
{"error":"page.waitForNavigation: Timeout 30000ms exceeded.\n=========================== logs ===========================\nwaiting for navigation until \"networkidle\"\n============================================================","level":"error","message":"Rodi.Steel@my-aolcc.com Portal login hatası","timestamp":"2025-06-23T19:00:22.406Z"}
{"error":"page.waitForNavigation: Timeout 30000ms exceeded.\n=========================== logs ===========================\nwaiting for navigation until \"networkidle\"\n============================================================","level":"error","message":"Sahin.Mordeniz@my-aolcc.com Portal login hatası","timestamp":"2025-06-23T19:00:22.821Z"}
{"error":"page.waitForNavigation: Timeout 30000ms exceeded.\n=========================== logs ===========================\nwaiting for navigation until \"networkidle\"\n============================================================","level":"error","message":"Burhan.Colak@my-aolcc.com Portal login hatası","timestamp":"2025-06-23T19:00:23.051Z"}
{"error":"page.waitForNavigation: Timeout 30000ms exceeded.\n=========================== logs ===========================\nwaiting for navigation until \"networkidle\"\n============================================================","level":"error","message":"Firat.Yilmaz@my-aolcc.com Portal login hatası","timestamp":"2025-06-23T19:00:23.563Z"}
{"errorType":"invalid_credentials","level":"error","message":"❌ Burhan.Colak@my-aolcc.com Canvas login hatası: Please verify your username or password and try again. Trouble logging in? Check out our Login FAQs.","platform":"canvas","timestamp":"2025-06-23T19:00:50.489Z"}
{"errorType":"invalid_credentials","level":"error","message":"❌ Sahin.Mordeniz@my-aolcc.com Canvas login hatası: Please verify your username or password and try again. Trouble logging in? Check out our Login FAQs.","platform":"canvas","timestamp":"2025-06-23T19:00:50.535Z"}
{"errorType":"invalid_credentials","level":"error","message":"❌ Bulent.Gunduz@my-aolcc.com Canvas login hatası: Please verify your username or password and try again. Trouble logging in? Check out our Login FAQs.","platform":"canvas","timestamp":"2025-06-23T19:00:53.431Z"}
{"errorType":"invalid_credentials","level":"error","message":"❌ Rodi.Steel@my-aolcc.com Canvas login hatası: Please verify your username or password and try again. Trouble logging in? Check out our Login FAQs.","platform":"canvas","timestamp":"2025-06-23T19:00:54.008Z"}
{"errorType":"invalid_credentials","level":"error","message":"❌ Firat.Yilmaz@my-aolcc.com Canvas login hatası: Please verify your username or password and try again. Trouble logging in? Check out our Login FAQs.","platform":"canvas","timestamp":"2025-06-23T19:00:56.364Z"}
{"error":"page.waitForNavigation: Timeout 30000ms exceeded.\n=========================== logs ===========================\nwaiting for navigation until \"networkidle\"\n============================================================","level":"error","message":"Burhan.Colak@my-aolcc.com Portal login hatası","timestamp":"2025-06-23T19:01:13.894Z"}
{"error":"page.waitForNavigation: Timeout 30000ms exceeded.\n=========================== logs ===========================\nwaiting for navigation until \"networkidle\"\n============================================================","level":"error","message":"Sahin.Mordeniz@my-aolcc.com Portal login hatası","timestamp":"2025-06-23T19:01:15.786Z"}
{"error":"page.waitForNavigation: Timeout 30000ms exceeded.\n=========================== logs ===========================\nwaiting for navigation until \"networkidle\"\n============================================================","level":"error","message":"Bulent.Gunduz@my-aolcc.com Portal login hatası","timestamp":"2025-06-23T19:01:16.860Z"}
{"error":"page.waitForNavigation: Timeout 30000ms exceeded.\n=========================== logs ===========================\nwaiting for navigation until \"networkidle\"\n============================================================","level":"error","message":"Rodi.Steel@my-aolcc.com Portal login hatası","timestamp":"2025-06-23T19:01:18.254Z"}
{"error":"page.waitForNavigation: Timeout 30000ms exceeded.\n=========================== logs ===========================\nwaiting for navigation until \"networkidle\"\n============================================================","level":"error","message":"Firat.Yilmaz@my-aolcc.com Portal login hatası","timestamp":"2025-06-23T19:01:19.074Z"}
{"errorType":"invalid_credentials","level":"error","message":"❌ Bulent.Gunduz@my-aolcc.com Canvas login hatası: Please verify your username or password and try again. Trouble logging in? Check out our Login FAQs.","platform":"canvas","timestamp":"2025-06-23T19:01:41.038Z"}
{"errorType":"invalid_credentials","level":"error","message":"❌ Sahin.Mordeniz@my-aolcc.com Canvas login hatası: Please verify your username or password and try again. Trouble logging in? Check out our Login FAQs.","platform":"canvas","timestamp":"2025-06-23T19:01:42.150Z"}
{"errorType":"invalid_credentials","level":"error","message":"❌ Burhan.Colak@my-aolcc.com Canvas login hatası: Please verify your username or password and try again. Trouble logging in? Check out our Login FAQs.","platform":"canvas","timestamp":"2025-06-23T19:01:44.350Z"}
{"errorType":"invalid_credentials","level":"error","message":"❌ Rodi.Steel@my-aolcc.com Canvas login hatası: Please verify your username or password and try again. Trouble logging in? Check out our Login FAQs.","platform":"canvas","timestamp":"2025-06-23T19:01:44.662Z"}
{"errorType":"invalid_credentials","level":"error","message":"❌ Firat.Yilmaz@my-aolcc.com Canvas login hatası: Please verify your username or password and try again. Trouble logging in? Check out our Login FAQs.","platform":"canvas","timestamp":"2025-06-23T19:01:45.613Z"}
{"error":"page.waitForNavigation: Timeout 30000ms exceeded.\n=========================== logs ===========================\nwaiting for navigation until \"networkidle\"\n============================================================","level":"error","message":"Sahin.Mordeniz@my-aolcc.com Portal login hatası","timestamp":"2025-06-23T19:02:05.760Z"}
{"error":"page.waitForNavigation: Timeout 30000ms exceeded.\n=========================== logs ===========================\nwaiting for navigation until \"networkidle\"\n============================================================","level":"error","message":"Bulent.Gunduz@my-aolcc.com Portal login hatası","timestamp":"2025-06-23T19:02:06.165Z"}
{"error":"page.waitForNavigation: Timeout 30000ms exceeded.\n=========================== logs ===========================\nwaiting for navigation until \"networkidle\"\n============================================================","level":"error","message":"Rodi.Steel@my-aolcc.com Portal login hatası","timestamp":"2025-06-23T19:02:08.390Z"}
{"error":"page.waitForNavigation: Timeout 30000ms exceeded.\n=========================== logs ===========================\nwaiting for navigation until \"networkidle\"\n============================================================","level":"error","message":"Firat.Yilmaz@my-aolcc.com Portal login hatası","timestamp":"2025-06-23T19:02:09.632Z"}
{"error":"page.waitForNavigation: Timeout 30000ms exceeded.\n=========================== logs ===========================\nwaiting for navigation until \"networkidle\"\n============================================================","level":"error","message":"Burhan.Colak@my-aolcc.com Portal login hatası","timestamp":"2025-06-23T19:02:09.644Z"}
{"errorType":"invalid_credentials","level":"error","message":"❌ Engin.Akuzum@my-aolcc.com Canvas login hatası: Please verify your username or password and try again. Trouble logging in? Check out our Login FAQs.","platform":"canvas","timestamp":"2025-06-23T19:02:31.731Z"}
{"errorType":"invalid_credentials","level":"error","message":"❌ Ahmet.Tatar@my-aolcc.com Canvas login hatası: Please verify your username or password and try again. Trouble logging in? Check out our Login FAQs.","platform":"canvas","timestamp":"2025-06-23T19:02:33.250Z"}
{"errorType":"invalid_credentials","level":"error","message":"❌ Emrah.Resitagaoglu@my-aolcc.com Canvas login hatası: Please verify your username or password and try again. Trouble logging in? Check out our Login FAQs.","platform":"canvas","timestamp":"2025-06-23T19:02:33.252Z"}
{"errorType":"invalid_credentials","level":"error","message":"❌ Sedat.Yesil@my-aolcc.com Canvas login hatası: Please verify your username or password and try again. Trouble logging in? Check out our Login FAQs.","platform":"canvas","timestamp":"2025-06-23T19:02:33.415Z"}
{"error":"page.waitForNavigation: Timeout 30000ms exceeded.\n=========================== logs ===========================\nwaiting for navigation until \"networkidle\"\n============================================================","level":"error","message":"Engin.Akuzum@my-aolcc.com Portal login hatası","timestamp":"2025-06-23T19:02:56.391Z"}
{"error":"page.waitForNavigation: Timeout 30000ms exceeded.\n=========================== logs ===========================\nwaiting for navigation until \"networkidle\"\n============================================================","level":"error","message":"Ahmet.Tatar@my-aolcc.com Portal login hatası","timestamp":"2025-06-23T19:02:56.637Z"}
{"error":"page.waitForNavigation: Timeout 30000ms exceeded.\n=========================== logs ===========================\nwaiting for navigation until \"networkidle\"\n============================================================","level":"error","message":"Sedat.Yesil@my-aolcc.com Portal login hatası","timestamp":"2025-06-23T19:02:56.917Z"}
{"error":"page.waitForNavigation: Timeout 30000ms exceeded.\n=========================== logs ===========================\nwaiting for navigation until \"networkidle\"\n============================================================","level":"error","message":"Emrah.Resitagaoglu@my-aolcc.com Portal login hatası","timestamp":"2025-06-23T19:02:57.290Z"}
{"errorType":"invalid_credentials","level":"error","message":"❌ Ahmet.Tatar@my-aolcc.com Canvas login hatası: Please verify your username or password and try again. Trouble logging in? Check out our Login FAQs.","platform":"canvas","timestamp":"2025-06-23T19:03:21.944Z"}
{"errorType":"invalid_credentials","level":"error","message":"❌ Engin.Akuzum@my-aolcc.com Canvas login hatası: Please verify your username or password and try again. Trouble logging in? Check out our Login FAQs.","platform":"canvas","timestamp":"2025-06-23T19:03:22.692Z"}
{"errorType":"invalid_credentials","level":"error","message":"❌ Sedat.Yesil@my-aolcc.com Canvas login hatası: Please verify your username or password and try again. Trouble logging in? Check out our Login FAQs.","platform":"canvas","timestamp":"2025-06-23T19:03:25.128Z"}
{"errorType":"invalid_credentials","level":"error","message":"❌ Emrah.Resitagaoglu@my-aolcc.com Canvas login hatası: Please verify your username or password and try again. Trouble logging in? Check out our Login FAQs.","platform":"canvas","timestamp":"2025-06-23T19:03:25.609Z"}
{"error":"page.waitForNavigation: Timeout 30000ms exceeded.\n=========================== logs ===========================\nwaiting for navigation until \"networkidle\"\n============================================================","level":"error","message":"Ahmet.Tatar@my-aolcc.com Portal login hatası","timestamp":"2025-06-23T19:03:44.842Z"}
{"error":"page.waitForNavigation: Timeout 30000ms exceeded.\n=========================== logs ===========================\nwaiting for navigation until \"networkidle\"\n============================================================","level":"error","message":"Engin.Akuzum@my-aolcc.com Portal login hatası","timestamp":"2025-06-23T19:03:47.557Z"}
{"error":"page.waitForNavigation: Timeout 30000ms exceeded.\n=========================== logs ===========================\nwaiting for navigation until \"networkidle\"\n============================================================","level":"error","message":"Sedat.Yesil@my-aolcc.com Portal login hatası","timestamp":"2025-06-23T19:03:50.776Z"}
{"error":"page.waitForNavigation: Timeout 30000ms exceeded.\n=========================== logs ===========================\nwaiting for navigation until \"networkidle\"\n============================================================","level":"error","message":"Emrah.Resitagaoglu@my-aolcc.com Portal login hatası","timestamp":"2025-06-23T19:03:51.301Z"}
{"error":"page.waitForSelector: Target page, context or browser has been closed\nCall log:\n\u001b[2m  - waiting for locator('#pseudonym_session_unique_id') to be visible\u001b[22m\n","level":"error","message":"Engin.Akuzum@my-aolcc.com Canvas login hatası","timestamp":"2025-06-23T19:04:05.058Z"}
{"error":"page.waitForSelector: Target page, context or browser has been closed\nCall log:\n\u001b[2m  - waiting for locator('#emailForm') to be visible\u001b[22m\n","level":"error","message":"Engin.Akuzum@my-aolcc.com Portal login hatası","timestamp":"2025-06-23T19:04:05.069Z"}
{"error":"page.goto: Target page, context or browser has been closed\nCall log:\n\u001b[2m  - navigating to \"https://mynew.aolcc.ca/login/canvas\", waiting until \"networkidle\"\u001b[22m\n","level":"error","message":"Sedat.Yesil@my-aolcc.com login işlemi hatası","timestamp":"2025-06-23T19:04:05.108Z"}
{"error":"page.goto: net::ERR_ABORTED; maybe frame was detached?\nCall log:\n\u001b[2m  - navigating to \"https://mynew.aolcc.ca/login/canvas\", waiting until \"networkidle\"\u001b[22m\n","level":"error","message":"Emrah.Resitagaoglu@my-aolcc.com login işlemi hatası","timestamp":"2025-06-23T19:04:05.148Z"}
{"error":"page.waitForSelector: Target page, context or browser has been closed","level":"error","message":"Ahmet.Tatar@my-aolcc.com Portal login hatası","timestamp":"2025-06-23T19:04:05.349Z"}
{"error":"page.waitForSelector: Target page, context or browser has been closed","level":"error","message":"Ahmet.Tatar@my-aolcc.com Canvas login hatası","timestamp":"2025-06-23T19:04:05.349Z"}
{"error":"browser.newContext: Target page, context or browser has been closed","level":"error","message":"❌ Roza.AygunTatar@my-aolcc.com login hatası","retry":1,"timestamp":"2025-06-23T19:04:05.478Z"}
{"error":"browser.newContext: Target page, context or browser has been closed","level":"error","message":"❌ Ferhat.Yildiz@my-aolcc.com login hatası","retry":1,"timestamp":"2025-06-23T19:04:05.479Z"}
{"error":"browser.newContext: Target page, context or browser has been closed","level":"error","message":"❌ Sahin.Ozdas@my-aolcc.com login hatası","retry":1,"timestamp":"2025-06-23T19:04:05.479Z"}
{"error":"browser.newContext: Target page, context or browser has been closed","level":"error","message":"❌ Ismail.Kocabay@my-aolcc.com login hatası","retry":1,"timestamp":"2025-06-23T19:04:05.480Z"}
{"error":"browser.newContext: Target page, context or browser has been closed","level":"error","message":"❌ Ali.Bakhshaliyev@my-aolcc.com login hatası","retry":1,"timestamp":"2025-06-23T19:04:05.480Z"}
{"error":"page.waitForNavigation: Timeout 30000ms exceeded.\n=========================== logs ===========================\nwaiting for navigation until \"networkidle\"\n  navigated to \"https://myaolcc.ca/studentportal/s/\"\n  \"domcontentloaded\" event fired\n  \"load\" event fired\n============================================================","level":"error","message":"Furkan.Sunbul@my-aolcc.com Portal login hatası","timestamp":"2025-06-23T19:06:23.366Z"}
{"error":"page.waitForNavigation: Timeout 30000ms exceeded.\n=========================== logs ===========================\nwaiting for navigation until \"networkidle\"\n  navigated to \"https://myaolcc.ca/studentportal/s/\"\n  \"domcontentloaded\" event fired\n  \"load\" event fired\n============================================================","level":"error","message":"Mehmet.Azgin@my-aolcc.com Portal login hatası","timestamp":"2025-06-23T19:06:23.969Z"}
{"error":"page.waitForNavigation: Timeout 30000ms exceeded.\n=========================== logs ===========================\nwaiting for navigation until \"networkidle\"\n  navigated to \"https://myaolcc.ca/studentportal/s/\"\n  \"domcontentloaded\" event fired\n  \"load\" event fired\n============================================================","level":"error","message":"HalitDiyar.Bingol@my-aolcc.com Portal login hatası","timestamp":"2025-06-23T19:06:24.584Z"}
{"errorType":"invalid_credentials","level":"error","message":"❌ Bulent.Gunduz@my-aolcc.com Canvas login hatası: Please verify your username or password and try again. Trouble logging in? Check out our Login FAQs.","platform":"canvas","timestamp":"2025-06-23T19:06:57.431Z"}
{"errorType":"invalid_credentials","level":"error","message":"❌ Sahin.Mordeniz@my-aolcc.com Canvas login hatası: Please verify your username or password and try again. Trouble logging in? Check out our Login FAQs.","platform":"canvas","timestamp":"2025-06-23T19:06:59.431Z"}
{"errorType":"invalid_credentials","level":"error","message":"❌ Burhan.Colak@my-aolcc.com Canvas login hatası: Please verify your username or password and try again. Trouble logging in? Check out our Login FAQs.","platform":"canvas","timestamp":"2025-06-23T19:06:59.725Z"}
{"errorType":"invalid_credentials","level":"error","message":"❌ Rodi.Steel@my-aolcc.com Canvas login hatası: Please verify your username or password and try again. Trouble logging in? Check out our Login FAQs.","platform":"canvas","timestamp":"2025-06-23T19:07:00.813Z"}
{"errorType":"invalid_credentials","level":"error","message":"❌ Firat.Yilmaz@my-aolcc.com Canvas login hatası: Please verify your username or password and try again. Trouble logging in? Check out our Login FAQs.","platform":"canvas","timestamp":"2025-06-23T19:07:00.875Z"}
{"error":"page.waitForNavigation: Timeout 30000ms exceeded.\n=========================== logs ===========================\nwaiting for navigation until \"networkidle\"\n============================================================","level":"error","message":"Bulent.Gunduz@my-aolcc.com Portal login hatası","timestamp":"2025-06-23T19:07:21.179Z"}
{"error":"page.waitForNavigation: Timeout 30000ms exceeded.\n=========================== logs ===========================\nwaiting for navigation until \"networkidle\"\n============================================================","level":"error","message":"Sahin.Mordeniz@my-aolcc.com Portal login hatası","timestamp":"2025-06-23T19:07:22.017Z"}
{"error":"page.waitForNavigation: Timeout 30000ms exceeded.\n=========================== logs ===========================\nwaiting for navigation until \"networkidle\"\n============================================================","level":"error","message":"Rodi.Steel@my-aolcc.com Portal login hatası","timestamp":"2025-06-23T19:07:22.064Z"}
{"error":"page.waitForNavigation: Timeout 30000ms exceeded.\n=========================== logs ===========================\nwaiting for navigation until \"networkidle\"\n============================================================","level":"error","message":"Burhan.Colak@my-aolcc.com Portal login hatası","timestamp":"2025-06-23T19:07:23.287Z"}
{"error":"page.waitForNavigation: Timeout 30000ms exceeded.\n=========================== logs ===========================\nwaiting for navigation until \"networkidle\"\n============================================================","level":"error","message":"Firat.Yilmaz@my-aolcc.com Portal login hatası","timestamp":"2025-06-23T19:07:23.395Z"}
{"error":"Şifre veya kullanıcı adı yanlış","errorType":"invalid_credentials","level":"error","maxRetries":3,"message":"❌ Bulent.Gunduz@my-aolcc.com login tamamen başarısız - Browser kapatıldı","timestamp":"2025-06-23T19:07:25.623Z"}
{"error":"Şifre veya kullanıcı adı yanlış","errorType":"invalid_credentials","level":"error","maxRetries":3,"message":"❌ Rodi.Steel@my-aolcc.com login tamamen başarısız - Browser kapatıldı","timestamp":"2025-06-23T19:07:26.386Z"}
{"error":"Şifre veya kullanıcı adı yanlış","errorType":"invalid_credentials","level":"error","maxRetries":3,"message":"❌ Sahin.Mordeniz@my-aolcc.com login tamamen başarısız - Browser kapatıldı","timestamp":"2025-06-23T19:07:26.423Z"}
{"error":"Şifre veya kullanıcı adı yanlış","errorType":"invalid_credentials","level":"error","maxRetries":3,"message":"❌ Burhan.Colak@my-aolcc.com login tamamen başarısız - Browser kapatıldı","timestamp":"2025-06-23T19:07:26.834Z"}
{"error":"Şifre veya kullanıcı adı yanlış","errorType":"invalid_credentials","level":"error","maxRetries":3,"message":"❌ Firat.Yilmaz@my-aolcc.com login tamamen başarısız - Browser kapatıldı","timestamp":"2025-06-23T19:07:27.856Z"}
{"errorType":"invalid_credentials","level":"error","message":"❌ Ahmet.Tatar@my-aolcc.com Canvas login hatası: Please verify your username or password and try again. Trouble logging in? Check out our Login FAQs.","platform":"canvas","timestamp":"2025-06-23T19:07:47.220Z"}
{"errorType":"invalid_credentials","level":"error","message":"❌ Sedat.Yesil@my-aolcc.com Canvas login hatası: Please verify your username or password and try again. Trouble logging in? Check out our Login FAQs.","platform":"canvas","timestamp":"2025-06-23T19:07:48.380Z"}
{"errorType":"invalid_credentials","level":"error","message":"❌ Emrah.Resitagaoglu@my-aolcc.com Canvas login hatası: Please verify your username or password and try again. Trouble logging in? Check out our Login FAQs.","platform":"canvas","timestamp":"2025-06-23T19:07:48.598Z"}
{"errorType":"invalid_credentials","level":"error","message":"❌ Engin.Akuzum@my-aolcc.com Canvas login hatası: Please verify your username or password and try again. Trouble logging in? Check out our Login FAQs.","platform":"canvas","timestamp":"2025-06-23T19:07:48.787Z"}
{"error":"page.waitForNavigation: Timeout 30000ms exceeded.\n=========================== logs ===========================\nwaiting for navigation until \"networkidle\"\n============================================================","level":"error","message":"Emrah.Resitagaoglu@my-aolcc.com Portal login hatası","timestamp":"2025-06-23T19:08:11.945Z"}
{"error":"page.waitForNavigation: Timeout 30000ms exceeded.\n=========================== logs ===========================\nwaiting for navigation until \"networkidle\"\n============================================================","level":"error","message":"Ahmet.Tatar@my-aolcc.com Portal login hatası","timestamp":"2025-06-23T19:08:12.206Z"}
{"error":"Şifre veya kullanıcı adı yanlış","errorType":"invalid_credentials","level":"error","maxRetries":3,"message":"❌ Emrah.Resitagaoglu@my-aolcc.com login tamamen başarısız - Browser kapatıldı","timestamp":"2025-06-23T19:08:12.466Z"}
{"error":"page.waitForNavigation: Timeout 30000ms exceeded.\n=========================== logs ===========================\nwaiting for navigation until \"networkidle\"\n============================================================","level":"error","message":"Sedat.Yesil@my-aolcc.com Portal login hatası","timestamp":"2025-06-23T19:08:12.511Z"}
{"error":"Şifre veya kullanıcı adı yanlış","errorType":"invalid_credentials","level":"error","maxRetries":3,"message":"❌ Ahmet.Tatar@my-aolcc.com login tamamen başarısız - Browser kapatıldı","timestamp":"2025-06-23T19:08:13.015Z"}
{"error":"page.waitForNavigation: Timeout 30000ms exceeded.\n=========================== logs ===========================\nwaiting for navigation until \"networkidle\"\n============================================================","level":"error","message":"Engin.Akuzum@my-aolcc.com Portal login hatası","timestamp":"2025-06-23T19:08:13.061Z"}
{"error":"Şifre veya kullanıcı adı yanlış","errorType":"invalid_credentials","level":"error","maxRetries":3,"message":"❌ Engin.Akuzum@my-aolcc.com login tamamen başarısız - Browser kapatıldı","timestamp":"2025-06-23T19:08:13.645Z"}
{"error":"Şifre veya kullanıcı adı yanlış","errorType":"invalid_credentials","level":"error","maxRetries":3,"message":"❌ Sedat.Yesil@my-aolcc.com login tamamen başarısız - Browser kapatıldı","timestamp":"2025-06-23T19:08:15.247Z"}
{"errorType":"invalid_credentials","level":"error","message":"❌ Ismail.Kocabay@my-aolcc.com Canvas login hatası: Please verify your username or password and try again. Trouble logging in? Check out our Login FAQs.","platform":"canvas","timestamp":"2025-06-23T19:08:34.308Z"}
{"errorType":"invalid_credentials","level":"error","message":"❌ Ferhat.Yildiz@my-aolcc.com Canvas login hatası: Please verify your username or password and try again. Trouble logging in? Check out our Login FAQs.","platform":"canvas","timestamp":"2025-06-23T19:08:35.847Z"}
{"errorType":"invalid_credentials","level":"error","message":"❌ Roza.AygunTatar@my-aolcc.com Canvas login hatası: Please verify your username or password and try again. Trouble logging in? Check out our Login FAQs.","platform":"canvas","timestamp":"2025-06-23T19:08:36.354Z"}
{"errorType":"invalid_credentials","level":"error","message":"❌ Sahin.Ozdas@my-aolcc.com Canvas login hatası: Please verify your username or password and try again. Trouble logging in? Check out our Login FAQs.","platform":"canvas","timestamp":"2025-06-23T19:08:36.680Z"}
{"errorType":"invalid_credentials","level":"error","message":"❌ Ali.Bakhshaliyev@my-aolcc.com Canvas login hatası: Please verify your username or password and try again. Trouble logging in? Check out our Login FAQs.","platform":"canvas","timestamp":"2025-06-23T19:08:37.420Z"}
{"error":"page.waitForNavigation: Timeout 30000ms exceeded.\n=========================== logs ===========================\nwaiting for navigation until \"networkidle\"\n============================================================","level":"error","message":"Ismail.Kocabay@my-aolcc.com Portal login hatası","timestamp":"2025-06-23T19:08:58.725Z"}
{"error":"Şifre veya kullanıcı adı yanlış","errorType":"invalid_credentials","level":"error","maxRetries":3,"message":"❌ Ismail.Kocabay@my-aolcc.com login tamamen başarısız - Browser kapatıldı","timestamp":"2025-06-23T19:08:59.235Z"}
{"error":"page.waitForNavigation: Timeout 30000ms exceeded.\n=========================== logs ===========================\nwaiting for navigation until \"networkidle\"\n============================================================","level":"error","message":"Roza.AygunTatar@my-aolcc.com Portal login hatası","timestamp":"2025-06-23T19:09:00.641Z"}
{"error":"page.waitForNavigation: Timeout 30000ms exceeded.\n=========================== logs ===========================\nwaiting for navigation until \"networkidle\"\n============================================================","level":"error","message":"Sahin.Ozdas@my-aolcc.com Portal login hatası","timestamp":"2025-06-23T19:09:00.842Z"}
{"error":"page.waitForNavigation: Timeout 30000ms exceeded.\n=========================== logs ===========================\nwaiting for navigation until \"networkidle\"\n============================================================","level":"error","message":"Ali.Bakhshaliyev@my-aolcc.com Portal login hatası","timestamp":"2025-06-23T19:09:01.814Z"}
{"error":"page.waitForNavigation: Timeout 30000ms exceeded.\n=========================== logs ===========================\nwaiting for navigation until \"networkidle\"\n============================================================","level":"error","message":"Ferhat.Yildiz@my-aolcc.com Portal login hatası","timestamp":"2025-06-23T19:09:01.954Z"}
{"error":"Şifre veya kullanıcı adı yanlış","errorType":"invalid_credentials","level":"error","maxRetries":3,"message":"❌ Sahin.Ozdas@my-aolcc.com login tamamen başarısız - Browser kapatıldı","timestamp":"2025-06-23T19:09:02.449Z"}
{"error":"Şifre veya kullanıcı adı yanlış","errorType":"invalid_credentials","level":"error","maxRetries":3,"message":"❌ Roza.AygunTatar@my-aolcc.com login tamamen başarısız - Browser kapatıldı","timestamp":"2025-06-23T19:09:02.947Z"}
{"error":"Şifre veya kullanıcı adı yanlış","errorType":"invalid_credentials","level":"error","maxRetries":3,"message":"❌ Ali.Bakhshaliyev@my-aolcc.com login tamamen başarısız - Browser kapatıldı","timestamp":"2025-06-23T19:09:03.574Z"}
{"error":"Şifre veya kullanıcı adı yanlış","errorType":"invalid_credentials","level":"error","maxRetries":3,"message":"❌ Ferhat.Yildiz@my-aolcc.com login tamamen başarısız - Browser kapatıldı","timestamp":"2025-06-23T19:09:04.332Z"}
{"error":"page.fill: value: expected string, got object","level":"error","message":"null Portal login hatası","timestamp":"2025-06-23T19:09:13.406Z"}
{"error":"page.fill: value: expected string, got object","level":"error","message":"null Canvas login hatası","timestamp":"2025-06-23T19:09:13.410Z"}
{"error":"page.fill: value: expected string, got object","level":"error","message":"null Canvas login hatası","timestamp":"2025-06-23T19:09:29.225Z"}
{"error":"page.fill: value: expected string, got object","level":"error","message":"null Portal login hatası","timestamp":"2025-06-23T19:09:29.226Z"}
{"error":"page.fill: value: expected string, got object","level":"error","message":"null Canvas login hatası","timestamp":"2025-06-23T19:09:50.633Z"}
{"error":"page.fill: value: expected string, got object","level":"error","message":"null Portal login hatası","timestamp":"2025-06-23T19:09:50.634Z"}
{"error":"page.waitForNavigation: Timeout 30000ms exceeded.\n=========================== logs ===========================\nwaiting for navigation until \"networkidle\"\n  navigated to \"https://myaolcc.ca/studentportal/s/\"\n  \"domcontentloaded\" event fired\n  \"load\" event fired\n  \"commit\" event fired\n  \"domcontentloaded\" event fired\n  \"load\" event fired\n  \"commit\" event fired\n  \"domcontentloaded\" event fired\n  \"load\" event fired\n============================================================","level":"error","message":"Furkan.Sunbul@my-aolcc.com Portal login hatası","timestamp":"2025-06-23T19:14:04.223Z"}
{"errorType":"invalid_credentials","level":"error","message":"❌ Rodi.Steel@my-aolcc.com Canvas login hatası: Please verify your username or password and try again. Trouble logging in? Check out our Login FAQs.","platform":"canvas","timestamp":"2025-06-23T19:14:52.791Z"}
{"errorType":"invalid_credentials","level":"error","message":"❌ Sahin.Mordeniz@my-aolcc.com Canvas login hatası: Please verify your username or password and try again. Trouble logging in? Check out our Login FAQs.","platform":"canvas","timestamp":"2025-06-23T19:14:53.582Z"}
{"errorType":"invalid_credentials","level":"error","message":"❌ Bulent.Gunduz@my-aolcc.com Canvas login hatası: Please verify your username or password and try again. Trouble logging in? Check out our Login FAQs.","platform":"canvas","timestamp":"2025-06-23T19:14:53.627Z"}
{"errorType":"invalid_credentials","level":"error","message":"❌ Burhan.Colak@my-aolcc.com Canvas login hatası: Please verify your username or password and try again. Trouble logging in? Check out our Login FAQs.","platform":"canvas","timestamp":"2025-06-23T19:14:54.029Z"}
{"errorType":"invalid_credentials","level":"error","message":"❌ Firat.Yilmaz@my-aolcc.com Canvas login hatası: Please verify your username or password and try again. Trouble logging in? Check out our Login FAQs.","platform":"canvas","timestamp":"2025-06-23T19:14:55.158Z"}
{"error":"page.waitForNavigation: Timeout 30000ms exceeded.\n=========================== logs ===========================\nwaiting for navigation until \"networkidle\"\n============================================================","level":"error","message":"Sahin.Mordeniz@my-aolcc.com Portal login hatası","timestamp":"2025-06-23T19:15:17.406Z"}
{"error":"page.waitForNavigation: Timeout 30000ms exceeded.\n=========================== logs ===========================\nwaiting for navigation until \"networkidle\"\n============================================================","level":"error","message":"Burhan.Colak@my-aolcc.com Portal login hatası","timestamp":"2025-06-23T19:15:17.625Z"}
{"error":"page.waitForNavigation: Timeout 30000ms exceeded.\n=========================== logs ===========================\nwaiting for navigation until \"networkidle\"\n============================================================","level":"error","message":"Rodi.Steel@my-aolcc.com Portal login hatası","timestamp":"2025-06-23T19:15:17.657Z"}
{"error":"page.waitForNavigation: Timeout 30000ms exceeded.\n=========================== logs ===========================\nwaiting for navigation until \"networkidle\"\n============================================================","level":"error","message":"Firat.Yilmaz@my-aolcc.com Portal login hatası","timestamp":"2025-06-23T19:15:17.828Z"}
{"error":"Şifre veya kullanıcı adı yanlış","errorType":"invalid_credentials","level":"error","maxRetries":3,"message":"❌ Burhan.Colak@my-aolcc.com login tamamen başarısız - Browser kapatıldı","timestamp":"2025-06-23T19:15:18.129Z"}
{"error":"page.waitForNavigation: Timeout 30000ms exceeded.\n=========================== logs ===========================\nwaiting for navigation until \"networkidle\"\n============================================================","level":"error","message":"Bulent.Gunduz@my-aolcc.com Portal login hatası","timestamp":"2025-06-23T19:15:19.390Z"}
{"error":"Şifre veya kullanıcı adı yanlış","errorType":"invalid_credentials","level":"error","maxRetries":3,"message":"❌ Sahin.Mordeniz@my-aolcc.com login tamamen başarısız - Browser kapatıldı","timestamp":"2025-06-23T19:15:19.708Z"}
{"error":"Şifre veya kullanıcı adı yanlış","errorType":"invalid_credentials","level":"error","maxRetries":3,"message":"❌ Rodi.Steel@my-aolcc.com login tamamen başarısız - Browser kapatıldı","timestamp":"2025-06-23T19:15:19.770Z"}
{"error":"Şifre veya kullanıcı adı yanlış","errorType":"invalid_credentials","level":"error","maxRetries":3,"message":"❌ Firat.Yilmaz@my-aolcc.com login tamamen başarısız - Browser kapatıldı","timestamp":"2025-06-23T19:15:20.279Z"}
{"error":"Şifre veya kullanıcı adı yanlış","errorType":"invalid_credentials","level":"error","maxRetries":3,"message":"❌ Bulent.Gunduz@my-aolcc.com login tamamen başarısız - Browser kapatıldı","timestamp":"2025-06-23T19:15:22.062Z"}
{"errorType":"invalid_credentials","level":"error","message":"❌ Engin.Akuzum@my-aolcc.com Canvas login hatası: Please verify your username or password and try again. Trouble logging in? Check out our Login FAQs.","platform":"canvas","timestamp":"2025-06-23T19:15:41.989Z"}
{"errorType":"invalid_credentials","level":"error","message":"❌ Ahmet.Tatar@my-aolcc.com Canvas login hatası: Please verify your username or password and try again. Trouble logging in? Check out our Login FAQs.","platform":"canvas","timestamp":"2025-06-23T19:15:42.666Z"}
{"errorType":"invalid_credentials","level":"error","message":"❌ Emrah.Resitagaoglu@my-aolcc.com Canvas login hatası: Please verify your username or password and try again. Trouble logging in? Check out our Login FAQs.","platform":"canvas","timestamp":"2025-06-23T19:15:43.606Z"}
{"errorType":"invalid_credentials","level":"error","message":"❌ Sedat.Yesil@my-aolcc.com Canvas login hatası: Please verify your username or password and try again. Trouble logging in? Check out our Login FAQs.","platform":"canvas","timestamp":"2025-06-23T19:15:44.069Z"}
{"error":"page.waitForNavigation: Timeout 30000ms exceeded.\n=========================== logs ===========================\nwaiting for navigation until \"networkidle\"\n============================================================","level":"error","message":"Ahmet.Tatar@my-aolcc.com Portal login hatası","timestamp":"2025-06-23T19:16:07.028Z"}
{"error":"page.waitForNavigation: Timeout 30000ms exceeded.\n=========================== logs ===========================\nwaiting for navigation until \"networkidle\"\n============================================================","level":"error","message":"Emrah.Resitagaoglu@my-aolcc.com Portal login hatası","timestamp":"2025-06-23T19:16:07.275Z"}
{"error":"page.waitForNavigation: Timeout 30000ms exceeded.\n=========================== logs ===========================\nwaiting for navigation until \"networkidle\"\n============================================================","level":"error","message":"Engin.Akuzum@my-aolcc.com Portal login hatası","timestamp":"2025-06-23T19:16:07.600Z"}
{"error":"page.waitForNavigation: Timeout 30000ms exceeded.\n=========================== logs ===========================\nwaiting for navigation until \"networkidle\"\n============================================================","level":"error","message":"Sedat.Yesil@my-aolcc.com Portal login hatası","timestamp":"2025-06-23T19:16:08.095Z"}
{"error":"Şifre veya kullanıcı adı yanlış","errorType":"invalid_credentials","level":"error","maxRetries":3,"message":"❌ Engin.Akuzum@my-aolcc.com login tamamen başarısız - Browser kapatıldı","timestamp":"2025-06-23T19:16:08.105Z"}
{"error":"Şifre veya kullanıcı adı yanlış","errorType":"invalid_credentials","level":"error","maxRetries":3,"message":"❌ Ahmet.Tatar@my-aolcc.com login tamamen başarısız - Browser kapatıldı","timestamp":"2025-06-23T19:16:09.017Z"}
{"error":"Şifre veya kullanıcı adı yanlış","errorType":"invalid_credentials","level":"error","maxRetries":3,"message":"❌ Emrah.Resitagaoglu@my-aolcc.com login tamamen başarısız - Browser kapatıldı","timestamp":"2025-06-23T19:16:09.436Z"}
{"error":"Şifre veya kullanıcı adı yanlış","errorType":"invalid_credentials","level":"error","maxRetries":3,"message":"❌ Sedat.Yesil@my-aolcc.com login tamamen başarısız - Browser kapatıldı","timestamp":"2025-06-23T19:16:09.777Z"}
{"errorType":"invalid_credentials","level":"error","message":"❌ Ali.Bakhshaliyev@my-aolcc.com Canvas login hatası: Please verify your username or password and try again. Trouble logging in? Check out our Login FAQs.","platform":"canvas","timestamp":"2025-06-23T19:16:29.535Z"}
{"errorType":"invalid_credentials","level":"error","message":"❌ Ferhat.Yildiz@my-aolcc.com Canvas login hatası: Please verify your username or password and try again. Trouble logging in? Check out our Login FAQs.","platform":"canvas","timestamp":"2025-06-23T19:16:30.973Z"}
{"errorType":"invalid_credentials","level":"error","message":"❌ Sahin.Ozdas@my-aolcc.com Canvas login hatası: Please verify your username or password and try again. Trouble logging in? Check out our Login FAQs.","platform":"canvas","timestamp":"2025-06-23T19:16:31.129Z"}
{"errorType":"invalid_credentials","level":"error","message":"❌ Ismail.Kocabay@my-aolcc.com Canvas login hatası: Please verify your username or password and try again. Trouble logging in? Check out our Login FAQs.","platform":"canvas","timestamp":"2025-06-23T19:16:32.183Z"}
{"errorType":"invalid_credentials","level":"error","message":"❌ Roza.AygunTatar@my-aolcc.com Canvas login hatası: Please verify your username or password and try again. Trouble logging in? Check out our Login FAQs.","platform":"canvas","timestamp":"2025-06-23T19:16:32.786Z"}
{"error":"page.waitForNavigation: Timeout 30000ms exceeded.\n=========================== logs ===========================\nwaiting for navigation until \"networkidle\"\n============================================================","level":"error","message":"Sahin.Ozdas@my-aolcc.com Portal login hatası","timestamp":"2025-06-23T19:16:55.051Z"}
{"error":"page.waitForNavigation: Timeout 30000ms exceeded.\n=========================== logs ===========================\nwaiting for navigation until \"networkidle\"\n============================================================","level":"error","message":"Ali.Bakhshaliyev@my-aolcc.com Portal login hatası","timestamp":"2025-06-23T19:16:55.238Z"}
{"error":"page.waitForNavigation: Timeout 30000ms exceeded.\n=========================== logs ===========================\nwaiting for navigation until \"networkidle\"\n============================================================","level":"error","message":"Ferhat.Yildiz@my-aolcc.com Portal login hatası","timestamp":"2025-06-23T19:16:55.965Z"}
{"error":"page.waitForNavigation: Timeout 30000ms exceeded.\n=========================== logs ===========================\nwaiting for navigation until \"networkidle\"\n============================================================","level":"error","message":"Roza.AygunTatar@my-aolcc.com Portal login hatası","timestamp":"2025-06-23T19:16:56.136Z"}
{"error":"page.waitForNavigation: Timeout 30000ms exceeded.\n=========================== logs ===========================\nwaiting for navigation until \"networkidle\"\n============================================================","level":"error","message":"Ismail.Kocabay@my-aolcc.com Portal login hatası","timestamp":"2025-06-23T19:16:56.450Z"}
{"error":"Şifre veya kullanıcı adı yanlış","errorType":"invalid_credentials","level":"error","maxRetries":3,"message":"❌ Ferhat.Yildiz@my-aolcc.com login tamamen başarısız - Browser kapatıldı","timestamp":"2025-06-23T19:16:56.530Z"}
{"error":"Şifre veya kullanıcı adı yanlış","errorType":"invalid_credentials","level":"error","maxRetries":3,"message":"❌ Ali.Bakhshaliyev@my-aolcc.com login tamamen başarısız - Browser kapatıldı","timestamp":"2025-06-23T19:16:57.856Z"}
{"error":"Şifre veya kullanıcı adı yanlış","errorType":"invalid_credentials","level":"error","maxRetries":3,"message":"❌ Roza.AygunTatar@my-aolcc.com login tamamen başarısız - Browser kapatıldı","timestamp":"2025-06-23T19:16:58.236Z"}
{"error":"Şifre veya kullanıcı adı yanlış","errorType":"invalid_credentials","level":"error","maxRetries":3,"message":"❌ Sahin.Ozdas@my-aolcc.com login tamamen başarısız - Browser kapatıldı","timestamp":"2025-06-23T19:16:58.291Z"}
{"error":"Şifre veya kullanıcı adı yanlış","errorType":"invalid_credentials","level":"error","maxRetries":3,"message":"❌ Ismail.Kocabay@my-aolcc.com login tamamen başarısız - Browser kapatıldı","timestamp":"2025-06-23T19:16:58.362Z"}
{"error":"page.goto: Timeout 30000ms exceeded.\nCall log:\n\u001b[2m  - navigating to \"https://myaolcc.ca/studentportal/my-profile/\", waiting until \"networkidle\"\u001b[22m\n","level":"error","message":"❌ Mehmet.Azgin@my-aolcc.com Portal health check hatası","timestamp":"2025-06-23T19:28:50.040Z"}
{"error":"page.goto: Timeout 30000ms exceeded.\nCall log:\n\u001b[2m  - navigating to \"https://myaolcc.ca/studentportal/my-profile/\", waiting until \"networkidle\"\u001b[22m\n","level":"error","message":"❌ HalitDiyar.Bingol@my-aolcc.com Portal health check hatası","timestamp":"2025-06-23T19:29:22.080Z"}
{"error":"page.goto: Timeout 30000ms exceeded.\nCall log:\n\u001b[2m  - navigating to \"https://myaolcc.ca/studentportal/my-profile/\", waiting until \"networkidle\"\u001b[22m\n","level":"error","message":"❌ Furkan.Sunbul@my-aolcc.com Portal health check hatası","timestamp":"2025-06-23T19:29:22.082Z"}
{"error":"page.goto: Timeout 30000ms exceeded.\nCall log:\n\u001b[2m  - navigating to \"https://myaolcc.ca/studentportal/my-profile/\", waiting until \"networkidle\"\u001b[22m\n","level":"error","message":"❌ Ilknur.Aslanboga@my-aolcc.com Portal health check hatası","timestamp":"2025-06-23T19:29:22.084Z"}
{"errorType":"invalid_credentials","level":"error","message":"❌ Firat.Yilmaz@my-aolcc.com Canvas login hatası: Please verify your username or password and try again. Trouble logging in? Check out our Login FAQs.","platform":"canvas","timestamp":"2025-06-23T19:34:01.730Z"}
{"errorType":"invalid_credentials","level":"error","message":"❌ Rodi.Steel@my-aolcc.com Canvas login hatası: Please verify your username or password and try again. Trouble logging in? Check out our Login FAQs.","platform":"canvas","timestamp":"2025-06-23T19:34:02.027Z"}
{"errorType":"invalid_credentials","level":"error","message":"❌ Burhan.Colak@my-aolcc.com Canvas login hatası: Please verify your username or password and try again. Trouble logging in? Check out our Login FAQs.","platform":"canvas","timestamp":"2025-06-23T19:34:02.384Z"}
{"errorType":"invalid_credentials","level":"error","message":"❌ Sahin.Mordeniz@my-aolcc.com Canvas login hatası: Please verify your username or password and try again. Trouble logging in? Check out our Login FAQs.","platform":"canvas","timestamp":"2025-06-23T19:34:03.219Z"}
{"errorType":"invalid_credentials","level":"error","message":"❌ Bulent.Gunduz@my-aolcc.com Canvas login hatası: Please verify your username or password and try again. Trouble logging in? Check out our Login FAQs.","platform":"canvas","timestamp":"2025-06-23T19:34:04.528Z"}
{"errorType":"invalid_credentials","level":"error","message":"❌ Sahin.Mordeniz@my-aolcc.com Portal login hatası: Your Username and Password is wrong","platform":"portal","timestamp":"2025-06-23T19:34:15.657Z"}
{"errorType":"invalid_credentials","level":"error","message":"❌ Firat.Yilmaz@my-aolcc.com Portal login hatası: Your Username and Password is wrong","platform":"portal","timestamp":"2025-06-23T19:34:16.145Z"}
{"error":"Şifre veya kullanıcı adı yanlış","errorType":"invalid_credentials","level":"error","maxRetries":3,"message":"❌ Sahin.Mordeniz@my-aolcc.com login tamamen başarısız - Browser kapatıldı","timestamp":"2025-06-23T19:34:16.233Z"}
{"errorType":"invalid_credentials","level":"error","message":"❌ Bulent.Gunduz@my-aolcc.com Portal login hatası: Your Username and Password is wrong","platform":"portal","timestamp":"2025-06-23T19:34:16.572Z"}
{"errorType":"invalid_credentials","level":"error","message":"❌ Burhan.Colak@my-aolcc.com Portal login hatası: Your Username and Password is wrong","platform":"portal","timestamp":"2025-06-23T19:34:16.838Z"}
{"error":"Şifre veya kullanıcı adı yanlış","errorType":"invalid_credentials","level":"error","maxRetries":3,"message":"❌ Burhan.Colak@my-aolcc.com login tamamen başarısız - Browser kapatıldı","timestamp":"2025-06-23T19:34:17.324Z"}
{"error":"Şifre veya kullanıcı adı yanlış","errorType":"invalid_credentials","level":"error","maxRetries":3,"message":"❌ Firat.Yilmaz@my-aolcc.com login tamamen başarısız - Browser kapatıldı","timestamp":"2025-06-23T19:34:17.896Z"}
{"errorType":"invalid_credentials","level":"error","message":"❌ Rodi.Steel@my-aolcc.com Portal login hatası: Your Username and Password is wrong","platform":"portal","timestamp":"2025-06-23T19:34:18.014Z"}
{"error":"Şifre veya kullanıcı adı yanlış","errorType":"invalid_credentials","level":"error","maxRetries":3,"message":"❌ Bulent.Gunduz@my-aolcc.com login tamamen başarısız - Browser kapatıldı","timestamp":"2025-06-23T19:34:18.907Z"}
{"error":"Şifre veya kullanıcı adı yanlış","errorType":"invalid_credentials","level":"error","maxRetries":3,"message":"❌ Rodi.Steel@my-aolcc.com login tamamen başarısız - Browser kapatıldı","timestamp":"2025-06-23T19:34:20.071Z"}
{"errorType":"invalid_credentials","level":"error","message":"❌ Ahmet.Tatar@my-aolcc.com Canvas login hatası: Please verify your username or password and try again. Trouble logging in? Check out our Login FAQs.","platform":"canvas","timestamp":"2025-06-23T19:34:39.249Z"}
{"errorType":"invalid_credentials","level":"error","message":"❌ Engin.Akuzum@my-aolcc.com Canvas login hatası: Please verify your username or password and try again. Trouble logging in? Check out our Login FAQs.","platform":"canvas","timestamp":"2025-06-23T19:34:39.433Z"}
{"errorType":"invalid_credentials","level":"error","message":"❌ Sedat.Yesil@my-aolcc.com Canvas login hatası: Please verify your username or password and try again. Trouble logging in? Check out our Login FAQs.","platform":"canvas","timestamp":"2025-06-23T19:34:40.365Z"}
{"errorType":"invalid_credentials","level":"error","message":"❌ Emrah.Resitagaoglu@my-aolcc.com Canvas login hatası: Please verify your username or password and try again. Trouble logging in? Check out our Login FAQs.","platform":"canvas","timestamp":"2025-06-23T19:34:43.738Z"}
{"errorType":"invalid_credentials","level":"error","message":"❌ Sedat.Yesil@my-aolcc.com Portal login hatası: Your Username and Password is wrong","platform":"portal","timestamp":"2025-06-23T19:34:53.998Z"}
{"errorType":"invalid_credentials","level":"error","message":"❌ Engin.Akuzum@my-aolcc.com Portal login hatası: Your Username and Password is wrong","platform":"portal","timestamp":"2025-06-23T19:34:54.256Z"}
{"error":"Şifre veya kullanıcı adı yanlış","errorType":"invalid_credentials","level":"error","maxRetries":3,"message":"❌ Engin.Akuzum@my-aolcc.com login tamamen başarısız - Browser kapatıldı","timestamp":"2025-06-23T19:34:54.837Z"}
{"errorType":"invalid_credentials","level":"error","message":"❌ Ahmet.Tatar@my-aolcc.com Portal login hatası: Your Username and Password is wrong","platform":"portal","timestamp":"2025-06-23T19:34:54.850Z"}
{"error":"Şifre veya kullanıcı adı yanlış","errorType":"invalid_credentials","level":"error","maxRetries":3,"message":"❌ Sedat.Yesil@my-aolcc.com login tamamen başarısız - Browser kapatıldı","timestamp":"2025-06-23T19:34:56.246Z"}
{"errorType":"invalid_credentials","level":"error","message":"❌ Emrah.Resitagaoglu@my-aolcc.com Portal login hatası: Your Username and Password is wrong","platform":"portal","timestamp":"2025-06-23T19:34:56.463Z"}
{"error":"Şifre veya kullanıcı adı yanlış","errorType":"invalid_credentials","level":"error","maxRetries":3,"message":"❌ Emrah.Resitagaoglu@my-aolcc.com login tamamen başarısız - Browser kapatıldı","timestamp":"2025-06-23T19:34:57.278Z"}
{"error":"Şifre veya kullanıcı adı yanlış","errorType":"invalid_credentials","level":"error","maxRetries":3,"message":"❌ Ahmet.Tatar@my-aolcc.com login tamamen başarısız - Browser kapatıldı","timestamp":"2025-06-23T19:34:57.352Z"}
{"errorType":"invalid_credentials","level":"error","message":"❌ Sahin.Ozdas@my-aolcc.com Canvas login hatası: Please verify your username or password and try again. Trouble logging in? Check out our Login FAQs.","platform":"canvas","timestamp":"2025-06-23T19:35:20.799Z"}
{"errorType":"invalid_credentials","level":"error","message":"❌ Ali.Bakhshaliyev@my-aolcc.com Canvas login hatası: Please verify your username or password and try again. Trouble logging in? Check out our Login FAQs.","platform":"canvas","timestamp":"2025-06-23T19:35:23.332Z"}
{"errorType":"invalid_credentials","level":"error","message":"❌ Roza.AygunTatar@my-aolcc.com Canvas login hatası: Please verify your username or password and try again. Trouble logging in? Check out our Login FAQs.","platform":"canvas","timestamp":"2025-06-23T19:35:23.380Z"}
{"errorType":"invalid_credentials","level":"error","message":"❌ Ismail.Kocabay@my-aolcc.com Canvas login hatası: Please verify your username or password and try again. Trouble logging in? Check out our Login FAQs.","platform":"canvas","timestamp":"2025-06-23T19:35:24.665Z"}
{"errorType":"invalid_credentials","level":"error","message":"❌ Ferhat.Yildiz@my-aolcc.com Canvas login hatası: Please verify your username or password and try again. Trouble logging in? Check out our Login FAQs.","platform":"canvas","timestamp":"2025-06-23T19:35:25.259Z"}
{"errorType":"invalid_credentials","level":"error","message":"❌ Sahin.Ozdas@my-aolcc.com Portal login hatası: Your Username and Password is wrong","platform":"portal","timestamp":"2025-06-23T19:35:34.514Z"}
{"error":"Şifre veya kullanıcı adı yanlış","errorType":"invalid_credentials","level":"error","maxRetries":3,"message":"❌ Sahin.Ozdas@my-aolcc.com login tamamen başarısız - Browser kapatıldı","timestamp":"2025-06-23T19:35:35.052Z"}
{"errorType":"invalid_credentials","level":"error","message":"❌ Ali.Bakhshaliyev@my-aolcc.com Portal login hatası: Your Username and Password is wrong","platform":"portal","timestamp":"2025-06-23T19:35:36.672Z"}
{"errorType":"invalid_credentials","level":"error","message":"❌ Roza.AygunTatar@my-aolcc.com Portal login hatası: Your Username and Password is wrong","platform":"portal","timestamp":"2025-06-23T19:35:37.496Z"}
{"errorType":"invalid_credentials","level":"error","message":"❌ Ferhat.Yildiz@my-aolcc.com Portal login hatası: Your Username and Password is wrong","platform":"portal","timestamp":"2025-06-23T19:35:38.083Z"}
{"error":"Şifre veya kullanıcı adı yanlış","errorType":"invalid_credentials","level":"error","maxRetries":3,"message":"❌ Ali.Bakhshaliyev@my-aolcc.com login tamamen başarısız - Browser kapatıldı","timestamp":"2025-06-23T19:35:39.076Z"}
{"errorType":"invalid_credentials","level":"error","message":"❌ Ismail.Kocabay@my-aolcc.com Portal login hatası: Your Username and Password is wrong","platform":"portal","timestamp":"2025-06-23T19:35:39.511Z"}
{"error":"Şifre veya kullanıcı adı yanlış","errorType":"invalid_credentials","level":"error","maxRetries":3,"message":"❌ Roza.AygunTatar@my-aolcc.com login tamamen başarısız - Browser kapatıldı","timestamp":"2025-06-23T19:35:40.314Z"}
{"error":"Şifre veya kullanıcı adı yanlış","errorType":"invalid_credentials","level":"error","maxRetries":3,"message":"❌ Ferhat.Yildiz@my-aolcc.com login tamamen başarısız - Browser kapatıldı","timestamp":"2025-06-23T19:35:40.365Z"}
{"error":"Şifre veya kullanıcı adı yanlış","errorType":"invalid_credentials","level":"error","maxRetries":3,"message":"❌ Ismail.Kocabay@my-aolcc.com login tamamen başarısız - Browser kapatıldı","timestamp":"2025-06-23T19:35:41.663Z"}
